
ROM used:   4348/32768 (13%)
            4348/32768 (13%) including unused fragments

            3.0 Average locations per line
            30.6 Average locations per statement

RAM used:   34/1536 (2%) at main() level
            59/1536 (4%) worst case

Stack used: 5 worst case (5 in main + 0 for interrupts)
Stack size: 31

Lines Stmts  %   Files
----- ----- ---  -----
   63    42  30  main.c
   35     0   0  main.h
  879     0   0  C:\Program Files (x86)\PICC\Devices\18F4520.h
  456   100  70  C:\Program Files (x86)\PICC\Drivers\lcd.c
----- -----
 1433   142 Total

Page ROM  %  RAM    Vol Diff  Functions:
---- --- --- ---    --- ----  ----------
0     46   1    1             @delay_ms1
0     64   1    1   1371  4.4  @PUTCHAR_2_
0     66   1    1   1371  4.4  @PUTCHAR_3_
0     76   1    3    760  4.5  lcd_read_byte
0     82   1    2    262  3.7  lcd_read_nibble
0     66   1    1    399  2.4  lcd_send_nibble
0     70   1    3    415  3.7  lcd_send_byte
0    124   1    6    852  6.2  lcd_init
0     34   0    4    208  6.3  lcd_gotoxy
0     80   1    1    354  4.7  lcd_putc
0   1008  12    4   1436  4.4  MAIN
0     14   0    0             @const785
0     34   0    2             @PSTRINGC_770
0     54   1    2             @ITOF
0    242   3   11             @MULFF
0    346   4   14             @DIVFF
0     10   0    0             @const798
0     34   0    2             @PSTRINGC_9600_31766_31767
0      8   0    0             @const800
0     38   0    0             @const801
0     30   0    3             @PSTRINGCN_733
0    618   7   16             @ADDFF
0     62   1    5             @FTOSD
0    142   2   13             @DIV3232
0    432   5   13             @PRINTF_L32D_733FPFPFR
0     24   0    0             @const815
0     32   0    3             @PSTRINGCN_770
0    440   5   13             @PRINTF_L32D_770FPFPFR
0     10   0    0             @const821
0     24   0    0             @const822
0     34   0    2             @PSTRINGC_737
 Inline         0             @cinit1

Program metrics:
    Functions               10
    Statements              142
    Comments                269
    Volume (V)              11193
    Difficulty (D)          42.0
    Effort to implement (E) 470273
    Time to implement (T)   7 hours, 15 minutes
    Est Delivered Bugs (B)  2
    Cyclomatic Complexity   8
    Maintainability (MI)    141

 Segment     Used  Free
-----------  ----  ----
00000-00002     4  0  
00004-07FFE  4344  28420  



